2024-10-04T09:29:22.307Z - GET /docs/ 304 - 17ms - Total API Calls: 1 - API Calls Today: 1
2024-10-04T09:29:22.354Z - GET /docs/swagger-ui-bundle.js 304 - 9ms - Total API Calls: 2 - API Calls Today: 2
2024-10-04T09:29:22.363Z - GET /docs/swagger-ui.css 304 - 4ms - Total API Calls: 3 - API Calls Today: 3
2024-10-04T09:29:22.368Z - GET /docs/swagger-ui-standalone-preset.js 304 - 2ms - Total API Calls: 4 - API Calls Today: 4
2024-10-04T09:29:25.202Z - GET /docs/swagger-ui-init.js 304 - 3ms - Total API Calls: 5 - API Calls Today: 5
2024-10-04T09:29:26.419Z - GET /docs/favicon-32x32.png 304 - 3ms - Total API Calls: 6 - API Calls Today: 6
2024-10-04T09:29:41.709Z - GET /api/core/schools 200 - 362ms - Total API Calls: 7 - API Calls Today: 7
2024-10-04T09:29:46.364Z - GET /favicon.ico 404 - 14ms - Total API Calls: 8 - API Calls Today: 8
2024-10-04T09:32:13.488Z - GET /docs/ 304 - 23ms - Total API Calls: 1 - API Calls Today: 1
2024-10-04T09:32:13.564Z - GET /docs/swagger-ui.css 304 - 8ms - Total API Calls: 2 - API Calls Today: 2
2024-10-04T09:32:13.572Z - GET /docs/swagger-ui-bundle.js 304 - 5ms - Total API Calls: 3 - API Calls Today: 3
2024-10-04T09:32:13.588Z - GET /docs/swagger-ui-init.js 304 - 9ms - Total API Calls: 4 - API Calls Today: 4
2024-10-04T09:32:13.591Z - GET /docs/swagger-ui-standalone-preset.js 304 - 15ms - Total API Calls: 5 - API Calls Today: 5
2024-10-04T09:32:17.291Z - GET /docs/favicon-32x32.png 304 - 3ms - Total API Calls: 6 - API Calls Today: 6
2024-10-04T09:32:19.575Z - GET /docs/favicon-32x32.png 304 - 3ms - Total API Calls: 7 - API Calls Today: 7
2024-10-04T10:08:58.250Z - POST /api/core/class 404 - 17ms - Total API Calls: 1 - API Calls Today: 1
2024-10-04T10:13:20.049Z - POST /api/core/class 404 - 16ms - Total API Calls: 1 - API Calls Today: 1
2024-10-04T10:14:16.327Z - POST /api/core/classes 201 - 226ms - Total API Calls: 2 - API Calls Today: 2
2024-10-04T10:16:16.654Z - POST /api/auth/login 200 - 890ms - Total API Calls: 3 - API Calls Today: 3
2024-10-04T10:17:21.237Z - POST /api/core/classes 201 - 199ms - Total API Calls: 4 - API Calls Today: 4
2024-10-04T10:22:31.184Z - POST /api/core/classes 201 - 464ms - Total API Calls: 1 - API Calls Today: 1
2024-10-04T11:29:09.569Z - GET /docs/swagger-ui.css 304 - 31ms - Total API Calls: 1 - API Calls Today: 1
2024-10-04T11:29:09.589Z - GET /docs/swagger-ui-bundle.js 304 - 42ms - Total API Calls: 2 - API Calls Today: 2
2024-10-04T11:29:09.612Z - GET /docs/swagger-ui-standalone-preset.js 304 - 13ms - Total API Calls: 3 - API Calls Today: 3
2024-10-04T11:29:13.544Z - GET /docs/swagger-ui-init.js 304 - 16ms - Total API Calls: 4 - API Calls Today: 4
2024-10-04T11:29:15.254Z - GET /docs/favicon-32x32.png 304 - 14ms - Total API Calls: 5 - API Calls Today: 5
2024-10-04T11:29:15.381Z - GET /favicon.ico 404 - 14ms - Total API Calls: 6 - API Calls Today: 6
2024-10-04T11:31:44.414Z - POST /api/core/classes 201 - 379ms - Total API Calls: 1 - API Calls Today: 1
2024-10-04T11:39:29.665Z - POST /api/core/classes 201 - 281ms - Total API Calls: 1 - API Calls Today: 1
2024-10-04T12:18:15.332Z - GET /docs/ 304 - 24ms - Total API Calls: 1 - API Calls Today: 1
2024-10-04T12:18:15.386Z - GET /docs/swagger-ui.css 304 - 8ms - Total API Calls: 2 - API Calls Today: 2
2024-10-04T12:18:15.400Z - GET /docs/swagger-ui-bundle.js 304 - 7ms - Total API Calls: 3 - API Calls Today: 3
2024-10-04T12:18:15.411Z - GET /docs/swagger-ui-init.js 200 - 6ms - Total API Calls: 4 - API Calls Today: 4
2024-10-04T12:18:15.415Z - GET /docs/swagger-ui-standalone-preset.js 304 - 18ms - Total API Calls: 5 - API Calls Today: 5
2024-10-04T12:18:18.807Z - GET /docs/favicon-32x32.png 304 - 3ms - Total API Calls: 6 - API Calls Today: 6
2024-10-04T12:18:20.229Z - GET /docs/favicon-32x32.png 304 - 1ms - Total API Calls: 7 - API Calls Today: 7
